#-----------------------------------------------------------
# Vivado v2018.2 (64-bit)
# SW Build 2258646 on Thu Jun 14 20:03:12 MDT 2018
# IP Build 2256618 on Thu Jun 14 22:10:49 MDT 2018
# Start of session at: Fri Sep 17 11:33:05 2021
# Process ID: 1200
# Current directory: E:/VIVADO/Sum_BCD_Bin/Sum_BCD_Bin
# Command line: vivado.exe -gui_launcher_event rodinguilauncherevent12620 E:\VIVADO\Sum_BCD_Bin\Sum_BCD_Bin\Sum_BCD_Bin.xpr
# Log file: E:/VIVADO/Sum_BCD_Bin/Sum_BCD_Bin/vivado.log
# Journal file: E:/VIVADO/Sum_BCD_Bin/Sum_BCD_Bin\vivado.jou
#-----------------------------------------------------------
start_gui
open_project E:/VIVADO/Sum_BCD_Bin/Sum_BCD_Bin/Sum_BCD_Bin.xpr
INFO: [Project 1-313] Project file moved from 'D:/VIVADO/Sum_BCD_Bin/Sum_BCD_Bin' since last save.
Scanning sources...
Finished scanning sources
WARNING: [Project 1-231] Project 'Sum_BCD_Bin.xpr' was created with a future version and may or may not perform reliably with this version of Vivado. It has been opened in read-only mode for the protection of unrecognized data. Use 'File | Save Project As...' if you wish to alter a copy of the project.
INFO: [IP_Flow 19-234] Refreshing IP repositories
INFO: [IP_Flow 19-1704] No user IP repositories specified
INFO: [IP_Flow 19-2313] Loaded Vivado IP repository 'C:/Xilinx/Vivado/2018.2/data/ip'.
open_project: Time (s): cpu = 00:00:08 ; elapsed = 00:00:05 . Memory (MB): peak = 817.723 ; gain = 75.969
update_compile_order -fileset sources_1
exit
INFO: [Common 17-206] Exiting Vivado at Fri Sep 17 12:02:28 2021...
