#-----------------------------------------------------------
# Vivado v2018.2 (64-bit)
# SW Build 2258646 on Thu Jun 14 20:03:12 MDT 2018
# IP Build 2256618 on Thu Jun 14 22:10:49 MDT 2018
# Start of session at: Tue Sep 14 14:18:56 2021
# Process ID: 11568
# Current directory: D:/VIVADO/Sum_BCD_Bin/Sum_BCD_Bin
# Command line: vivado.exe -gui_launcher_event rodinguilauncherevent12152 D:\VIVADO\Sum_BCD_Bin\Sum_BCD_Bin\Sum_BCD_Bin.xpr
# Log file: D:/VIVADO/Sum_BCD_Bin/Sum_BCD_Bin/vivado.log
# Journal file: D:/VIVADO/Sum_BCD_Bin/Sum_BCD_Bin\vivado.jou
#-----------------------------------------------------------
start_guexopen_project D:/VIVADO/Sum_BCD_Bin/Sum_BCD_Bin/Sum_BCD_Bin.xpr
Scanning sources...
Finished scanning sources
WARNING: [Project 1-231] Project 'Sum_BCD_Bin.xpr' was created with a future version and may or may not perform reliably with this version of Vivado. It has been opened in read-only mode for the protection of unrecognized data. Use 'File | Save Project As...' if you wish to alter a copy of the project.
INFO: [Common 17-41] Interrupt caught. Command should exit soon.
INFO: [IP_Flow 19-234] Refreshing IP repositories
INFO: [IP_Flow 19-1704] No user IP repositories specified
INFO: [IP_Flow 19-2338] Canceling the changes to the IP catalog. Reverting the catalog back to its previous state.
INFO: [IP_Flow 19-2340] The IP catalog has been returned to its previous state.
INFO: [Common 17-344] 'open_project' was cancelled
exit
INFO: [Common 17-206] Exiting Vivado at Tue Sep 14 14:19:34 2021...
